<?xml version="1.0" encoding="UTF-8"?>
<!-- Generated by org.testng.reporters.JUnitXMLReporter -->
<testsuite ignored="0" hostname="USHYDLTATAVART2" failures="0" tests="4" name="AccountPage Test" time="16.188" errors="0" timestamp="05 Mar 2021 04:46:44 GMT">
  <testcase classname="com.opencart.testcases.AccountPageFeatureTest" name="verifyEditAccountTest" time="3.634"/>
  <testcase classname="com.opencart.testcases.AccountPageFeatureTest" name="EditFields" time="0.504"/>
  <testcase classname="com.opencart.testcases.AccountPageFeatureTest" name="clickcntuebtn" time="2.37"/>
  <testcase classname="com.opencart.testcases.AccountPageFeatureTest" name="verifysuccessBanner" time="0.048"/>
</testsuite> <!-- AccountPage Test -->
