<?xml version="1.0" encoding="UTF-8"?>
<!-- Generated by org.testng.reporters.JUnitXMLReporter -->
<testsuite hostname="USHYDLTATAVART2" failures="4" tests="7" name="Test" time="7.2" errors="0" timestamp="8 Jan 2021 17:28:11 GMT">
  <testcase classname="com.opencart.testcases.LoginFeatureTest" name="testverifyTitle" time="0.003">
    <failure type="java.lang.NullPointerException">
      <![CDATA[java.lang.NullPointerException
	at com.opencart.testcases.LoginFeatureTest.testverifyTitle(LoginFeatureTest.java:23)
... Removed 24 stack frames]]>
    </failure>
  </testcase> <!-- testverifyTitle -->
  <testcase classname="com.opencart.testcases.HomePageFeatureTest" name="verifyHomePagetitletest" time="0.007"/>
  <testcase classname="com.opencart.testcases.LoginFeatureTest" name="testifSignuplinkexists" time="0.001">
    <failure type="java.lang.NullPointerException">
      <![CDATA[java.lang.NullPointerException
	at com.opencart.testcases.LoginFeatureTest.testifSignuplinkexists(LoginFeatureTest.java:30)
... Removed 24 stack frames]]>
    </failure>
  </testcase> <!-- testifSignuplinkexists -->
  <testcase classname="com.opencart.testcases.HomePageFeatureTest" name="verifyAccountTitle" time="0.055"/>
  <testcase classname="com.opencart.testcases.LoginFeatureTest" name="verifyloginBanner" time="0.0">
    <failure type="java.lang.NullPointerException">
      <![CDATA[java.lang.NullPointerException
	at com.opencart.testcases.LoginFeatureTest.verifyloginBanner(LoginFeatureTest.java:35)
... Removed 24 stack frames]]>
    </failure>
  </testcase> <!-- verifyloginBanner -->
  <testcase classname="com.opencart.testcases.HomePageFeatureTest" name="verifyEditAccountTest" time="1.346"/>
  <testcase classname="com.opencart.testcases.LoginFeatureTest" name="testLogin" time="0.0">
    <failure type="java.lang.NullPointerException">
      <![CDATA[java.lang.NullPointerException
	at com.opencart.testcases.LoginFeatureTest.testLogin(LoginFeatureTest.java:41)
... Removed 24 stack frames]]>
    </failure>
  </testcase> <!-- testLogin -->
</testsuite> <!-- Test -->
