<?xml version="1.0" encoding="UTF-8"?>
<testsuite xmlns:xsi="http://www.w3.org/2001/XMLSchema-instance" xsi:noNamespaceSchemaLocation="https://maven.apache.org/surefire/maven-surefire-plugin/xsd/surefire-test-report.xsd" name="TestSuite" time="38.552" tests="13" errors="0" skipped="0" failures="1">
  <properties>
[...]
</properties>
  <testcase name="verifyEditAccountTest" classname="com.opencart.testcases.AccountPageFeatureTest" time="1.506"/>
  <testcase name="EditFields" classname="com.opencart.testcases.AccountPageFeatureTest" time="0.375"/>
  <testcase name="clickcntuebtn" classname="com.opencart.testcases.AccountPageFeatureTest" time="4.287"/>
  <testcase name="verifysuccessBanner" classname="com.opencart.testcases.AccountPageFeatureTest" time="0.064"/>
  <testcase name="testverifyTitle" classname="com.opencart.testcases.LoginFeatureTest" time="0.023"/>
  <testcase name="testifSignuplinkexists" classname="com.opencart.testcases.LoginFeatureTest" time="0.079"/>
  <testcase name="verifyloginBanner" classname="com.opencart.testcases.LoginFeatureTest" time="0.368">
    <failure message="no such element: Unable to locate element: {&quot;method&quot;:&quot;xpath&quot;,&quot;selector&quot;:&quot;(//div[@class=&apos;wel&apos;]/h2)[last()]&quot;}&#10;  (Session info: chrome=88.0.4324.96)&#10;For documentation on this error, please visit: http://seleniumhq.org/exceptions/no_such_element.html&#10;Build info: version: &apos;3.14.0&apos;, revision: &apos;aacccce0&apos;, time: &apos;2018-08-02T20:19:58.91Z&apos;&#10;System info: host: &apos;USHYDLTATAVART2&apos;, ip: &apos;fe80:0:0:0:c5e:9bfb:983a:a6f0%en0&apos;, os.name: &apos;Mac OS X&apos;, os.arch: &apos;x86_64&apos;, os.version: &apos;10.15.7&apos;, java.version: &apos;15.0.1&apos;&#10;Driver info: org.openqa.selenium.remote.RemoteWebDriver&#10;Capabilities {acceptInsecureCerts: false, browserName: chrome, browserVersion: 88.0.4324.96, chrome: {chromedriverVersion: 88.0.4324.96 (68dba2d8a0b14..., userDataDir: /tmp/.com.google.Chrome.zxs4LS}, goog:chromeOptions: {debuggerAddress: localhost:36583}, javascriptEnabled: true, networkConnectionEnabled: false, pageLoadStrategy: normal, platform: LINUX, platformName: LINUX, proxy: Proxy(), setWindowRect: true, strictFileInteractability: false, timeouts: {implicit: 0, pageLoad: 300000, script: 30000}, unhandledPromptBehavior: dismiss and notify, webauthn:extension:largeBlob: true, webauthn:virtualAuthenticators: true, webdriver.remote.sessionid: f8366e2dfbacfded53c51d1a4cf...}&#10;Session ID: f8366e2dfbacfded53c51d1a4cf0a242&#10;*** Element info: {Using=xpath, value=(//div[@class=&apos;wel&apos;]/h2)[last()]}" type="org.openqa.selenium.NoSuchElementException">org.openqa.selenium.NoSuchElementException: 
no such element: Unable to locate element: {"method":"xpath","selector":"(//div[@class='wel']/h2)[last()]"}
  (Session info: chrome=88.0.4324.96)
For documentation on this error, please visit: http://seleniumhq.org/exceptions/no_such_element.html
Build info: version: '3.14.0', revision: 'aacccce0', time: '2018-08-02T20:19:58.91Z'
System info: host: 'USHYDLTATAVART2', ip: 'fe80:0:0:0:c5e:9bfb:983a:a6f0%en0', os.name: 'Mac OS X', os.arch: 'x86_64', os.version: '10.15.7', java.version: '15.0.1'
Driver info: org.openqa.selenium.remote.RemoteWebDriver
Capabilities {acceptInsecureCerts: false, browserName: chrome, browserVersion: 88.0.4324.96, chrome: {chromedriverVersion: 88.0.4324.96 (68dba2d8a0b14..., userDataDir: /tmp/.com.google.Chrome.zxs4LS}, goog:chromeOptions: {debuggerAddress: localhost:36583}, javascriptEnabled: true, networkConnectionEnabled: false, pageLoadStrategy: normal, platform: LINUX, platformName: LINUX, proxy: Proxy(), setWindowRect: true, strictFileInteractability: false, timeouts: {implicit: 0, pageLoad: 300000, script: 30000}, unhandledPromptBehavior: dismiss and notify, webauthn:extension:largeBlob: true, webauthn:virtualAuthenticators: true, webdriver.remote.sessionid: f8366e2dfbacfded53c51d1a4cf...}
Session ID: f8366e2dfbacfded53c51d1a4cf0a242
*** Element info: {Using=xpath, value=(//div[@class='wel']/h2)[last()]}
	at com.opencart.testcases.LoginFeatureTest.verifyloginBanner(LoginFeatureTest.java:48)
</failure>
    <system-out><![CDATA[am in onstart methodverifyloginBanner
verifyloginBanner started!
am in testfailure methodverifyloginBanner
screenshot captured for the test methodverifyloginBanner
verifyloginBanner failed!
]]></system-out>
  </testcase>
  <testcase name="testLogin" classname="com.opencart.testcases.LoginFeatureTest" time="7.74"/>
  <testcase name="verifyHomePagetitletest" classname="com.opencart.testcases.HomePageFeatureTest" time="0.018"/>
  <testcase name="verifyAccountTitle" classname="com.opencart.testcases.HomePageFeatureTest" time="0.089"/>
  <testcase name="verifyMyaccountSectioncount" classname="com.opencart.testcases.HomePageFeatureTest" time="0.02"/>
  <testcase name="verifyMyaccountList" classname="com.opencart.testcases.HomePageFeatureTest" time="0.078"/>
  <testcase name="verifyEditAccountTest" classname="com.opencart.testcases.HomePageFeatureTest" time="1.336"/>
</testsuite>