<?xml version="1.0" encoding="UTF-8"?>
<!-- Generated by org.testng.reporters.JUnitXMLReporter -->
<testsuite ignored="0" hostname="USHYDLTATAVART2" failures="0" tests="4" name="AccountPage Test" time="16.117" errors="0" timestamp="02 Feb 2021 16:53:45 GMT">
  <testcase classname="com.opencart.testcases.AccountPageFeatureTest" name="verifyEditAccountTest" time="1.464"/>
  <testcase classname="com.opencart.testcases.AccountPageFeatureTest" name="EditFields" time="0.374"/>
  <testcase classname="com.opencart.testcases.AccountPageFeatureTest" name="clickcntuebtn" time="4.288"/>
  <testcase classname="com.opencart.testcases.AccountPageFeatureTest" name="verifysuccessBanner" time="0.067"/>
</testsuite> <!-- AccountPage Test -->
