<?xml version="1.0" encoding="UTF-8"?>
<!-- Generated by org.testng.reporters.JUnitXMLReporter -->
<testsuite ignored="0" hostname="USHYDLTATAVART2" failures="0" tests="5" name="HomePage Test" time="37.547" errors="0" timestamp="02 Feb 2021 16:54:06 GMT">
  <testcase classname="com.opencart.testcases.HomePageFeatureTest" name="verifyHomePagetitletest" time="0.019"/>
  <testcase classname="com.opencart.testcases.HomePageFeatureTest" name="verifyAccountTitle" time="0.089"/>
  <testcase classname="com.opencart.testcases.HomePageFeatureTest" name="verifyMyaccountSectioncount" time="0.02"/>
  <testcase classname="com.opencart.testcases.HomePageFeatureTest" name="verifyMyaccountList" time="0.077"/>
  <testcase classname="com.opencart.testcases.HomePageFeatureTest" name="verifyEditAccountTest" time="1.335"/>
</testsuite> <!-- HomePage Test -->
